{"C:\\src\\Nest_Skripsi\\express_mono_api\\src\\application\\database.ts": {"path":"C:\\src\\Nest_Skripsi\\express_mono_api\\src\\application\\database.ts","statementMap":{"0":{"start":{"line":4,"column":28},"end":{"line":23,"column":2}}},"fnMap":{},"branchMap":{},"s":{"0":1},"f":{},"b":{},"_coverageSchema":"1a1c01bbd47fc00a2c39e90264f33305004495a9","hash":"474cdcf4043478331e5c89f67a409b7b2a55f8be"}
,"C:\\src\\Nest_Skripsi\\express_mono_api\\src\\application\\logger.ts": {"path":"C:\\src\\Nest_Skripsi\\express_mono_api\\src\\application\\logger.ts","statementMap":{"0":{"start":{"line":3,"column":22},"end":{"line":7,"column":2}}},"fnMap":{},"branchMap":{},"s":{"0":1},"f":{},"b":{},"_coverageSchema":"1a1c01bbd47fc00a2c39e90264f33305004495a9","hash":"9d80a4dc4a49588cb51bf68f61d9f389cc5e8d03"}
,"C:\\src\\Nest_Skripsi\\express_mono_api\\src\\application\\multer.ts": {"path":"C:\\src\\Nest_Skripsi\\express_mono_api\\src\\application\\multer.ts","statementMap":{"0":{"start":{"line":10,"column":20},"end":{"line":27,"column":2}},"1":{"start":{"line":16,"column":26},"end":{"line":16,"column":39}},"2":{"start":{"line":17,"column":22},"end":{"line":17,"column":56}},"3":{"start":{"line":18,"column":4},"end":{"line":18,"column":24}},"4":{"start":{"line":25,"column":4},"end":{"line":25,"column":61}},"5":{"start":{"line":29,"column":19},"end":{"line":40,"column":1}},"6":{"start":{"line":34,"column":12},"end":{"line":34,"column":43}},"7":{"start":{"line":35,"column":2},"end":{"line":37,"column":3}},"8":{"start":{"line":36,"column":4},"end":{"line":36,"column":58}},"9":{"start":{"line":38,"column":2},"end":{"line":38,"column":50}},"10":{"start":{"line":39,"column":2},"end":{"line":39,"column":23}},"11":{"start":{"line":42,"column":22},"end":{"line":42,"column":78}}},"fnMap":{"0":{"name":"(anonymous_0)","decl":{"start":{"line":11,"column":15},"end":{"line":11,"column":16}},"loc":{"start":{"line":15,"column":7},"end":{"line":19,"column":3}},"line":15},"1":{"name":"(anonymous_1)","decl":{"start":{"line":20,"column":12},"end":{"line":20,"column":13}},"loc":{"start":{"line":24,"column":4},"end":{"line":26,"column":3}},"line":24},"2":{"name":"(anonymous_2)","decl":{"start":{"line":29,"column":19},"end":{"line":29,"column":20}},"loc":{"start":{"line":33,"column":5},"end":{"line":40,"column":1}},"line":33}},"branchMap":{"0":{"loc":{"start":{"line":35,"column":2},"end":{"line":37,"column":3}},"type":"if","locations":[{"start":{"line":35,"column":2},"end":{"line":37,"column":3}},{"start":{},"end":{}}],"line":35},"1":{"loc":{"start":{"line":35,"column":6},"end":{"line":35,"column":75}},"type":"binary-expr","locations":[{"start":{"line":35,"column":6},"end":{"line":35,"column":20}},{"start":{"line":35,"column":24},"end":{"line":35,"column":38}},{"start":{"line":35,"column":42},"end":{"line":35,"column":56}},{"start":{"line":35,"column":60},"end":{"line":35,"column":75}}],"line":35}},"s":{"0":1,"1":0,"2":0,"3":0,"4":0,"5":1,"6":0,"7":0,"8":0,"9":0,"10":0,"11":1},"f":{"0":0,"1":0,"2":0},"b":{"0":[0,0],"1":[0,0,0,0]},"_coverageSchema":"1a1c01bbd47fc00a2c39e90264f33305004495a9","hash":"1b328cfd3ffe9eeda6605fca0b180b810edce8be"}
,"C:\\src\\Nest_Skripsi\\express_mono_api\\src\\application\\web.ts": {"path":"C:\\src\\Nest_Skripsi\\express_mono_api\\src\\application\\web.ts","statementMap":{"0":{"start":{"line":6,"column":19},"end":{"line":6,"column":28}},"1":{"start":{"line":7,"column":0},"end":{"line":7,"column":24}},"2":{"start":{"line":8,"column":0},"end":{"line":8,"column":22}},"3":{"start":{"line":9,"column":0},"end":{"line":9,"column":19}},"4":{"start":{"line":10,"column":0},"end":{"line":10,"column":25}}},"fnMap":{},"branchMap":{},"s":{"0":1,"1":1,"2":1,"3":1,"4":1},"f":{},"b":{},"_coverageSchema":"1a1c01bbd47fc00a2c39e90264f33305004495a9","hash":"2414b52ca421e96c4f78115022eca2f91aa21b8b"}
,"C:\\src\\Nest_Skripsi\\express_mono_api\\src\\controller\\asset.format.controller.ts": {"path":"C:\\src\\Nest_Skripsi\\express_mono_api\\src\\controller\\asset.format.controller.ts","statementMap":{"0":{"start":{"line":11,"column":4},"end":{"line":17,"column":5}},"1":{"start":{"line":12,"column":42},"end":{"line":12,"column":72}},"2":{"start":{"line":13,"column":23},"end":{"line":13,"column":77}},"3":{"start":{"line":14,"column":6},"end":{"line":14,"column":47}},"4":{"start":{"line":16,"column":6},"end":{"line":16,"column":14}},"5":{"start":{"line":21,"column":4},"end":{"line":29,"column":5}},"6":{"start":{"line":22,"column":23},"end":{"line":25,"column":7}},"7":{"start":{"line":26,"column":6},"end":{"line":26,"column":47}},"8":{"start":{"line":28,"column":6},"end":{"line":28,"column":14}},"9":{"start":{"line":33,"column":4},"end":{"line":39,"column":5}},"10":{"start":{"line":34,"column":42},"end":{"line":34,"column":72}},"11":{"start":{"line":35,"column":23},"end":{"line":35,"column":77}},"12":{"start":{"line":36,"column":6},"end":{"line":36,"column":47}},"13":{"start":{"line":38,"column":6},"end":{"line":38,"column":14}},"14":{"start":{"line":43,"column":4},"end":{"line":51,"column":5}},"15":{"start":{"line":44,"column":23},"end":{"line":47,"column":7}},"16":{"start":{"line":48,"column":6},"end":{"line":48,"column":47}},"17":{"start":{"line":50,"column":6},"end":{"line":50,"column":14}},"18":{"start":{"line":55,"column":4},"end":{"line":61,"column":5}},"19":{"start":{"line":56,"column":42},"end":{"line":56,"column":72}},"20":{"start":{"line":57,"column":23},"end":{"line":57,"column":77}},"21":{"start":{"line":58,"column":6},"end":{"line":58,"column":41}},"22":{"start":{"line":60,"column":6},"end":{"line":60,"column":14}}},"fnMap":{"0":{"name":"(anonymous_0)","decl":{"start":{"line":10,"column":2},"end":{"line":10,"column":3}},"loc":{"start":{"line":10,"column":75},"end":{"line":18,"column":3}},"line":10},"1":{"name":"(anonymous_1)","decl":{"start":{"line":20,"column":2},"end":{"line":20,"column":3}},"loc":{"start":{"line":20,"column":72},"end":{"line":30,"column":3}},"line":20},"2":{"name":"(anonymous_2)","decl":{"start":{"line":32,"column":2},"end":{"line":32,"column":3}},"loc":{"start":{"line":32,"column":75},"end":{"line":40,"column":3}},"line":32},"3":{"name":"(anonymous_3)","decl":{"start":{"line":42,"column":2},"end":{"line":42,"column":3}},"loc":{"start":{"line":42,"column":75},"end":{"line":52,"column":3}},"line":42},"4":{"name":"(anonymous_4)","decl":{"start":{"line":54,"column":2},"end":{"line":54,"column":3}},"loc":{"start":{"line":54,"column":75},"end":{"line":62,"column":3}},"line":54}},"branchMap":{},"s":{"0":1,"1":1,"2":1,"3":0,"4":1,"5":0,"6":0,"7":0,"8":0,"9":0,"10":0,"11":0,"12":0,"13":0,"14":0,"15":0,"16":0,"17":0,"18":0,"19":0,"20":0,"21":0,"22":0},"f":{"0":1,"1":0,"2":0,"3":0,"4":0},"b":{},"_coverageSchema":"1a1c01bbd47fc00a2c39e90264f33305004495a9","hash":"051458deeaa34c510efa2bac76710fbe03c36fb3"}
,"C:\\src\\Nest_Skripsi\\express_mono_api\\src\\controller\\file.controller.ts": {"path":"C:\\src\\Nest_Skripsi\\express_mono_api\\src\\controller\\file.controller.ts","statementMap":{"0":{"start":{"line":10,"column":4},"end":{"line":25,"column":5}},"1":{"start":{"line":11,"column":23},"end":{"line":11,"column":78}},"2":{"start":{"line":12,"column":6},"end":{"line":12,"column":47}},"3":{"start":{"line":14,"column":6},"end":{"line":24,"column":7}},"4":{"start":{"line":16,"column":32},"end":{"line":20,"column":9}},"5":{"start":{"line":21,"column":8},"end":{"line":21,"column":30}},"6":{"start":{"line":23,"column":8},"end":{"line":23,"column":50}},"7":{"start":{"line":29,"column":4},"end":{"line":34,"column":5}},"8":{"start":{"line":30,"column":23},"end":{"line":30,"column":76}},"9":{"start":{"line":31,"column":6},"end":{"line":31,"column":41}},"10":{"start":{"line":33,"column":6},"end":{"line":33,"column":14}},"11":{"start":{"line":38,"column":4},"end":{"line":43,"column":5}},"12":{"start":{"line":39,"column":23},"end":{"line":39,"column":68}},"13":{"start":{"line":40,"column":6},"end":{"line":40,"column":47}},"14":{"start":{"line":42,"column":6},"end":{"line":42,"column":14}}},"fnMap":{"0":{"name":"(anonymous_0)","decl":{"start":{"line":9,"column":2},"end":{"line":9,"column":3}},"loc":{"start":{"line":9,"column":75},"end":{"line":26,"column":3}},"line":9},"1":{"name":"(anonymous_1)","decl":{"start":{"line":28,"column":2},"end":{"line":28,"column":3}},"loc":{"start":{"line":28,"column":72},"end":{"line":35,"column":3}},"line":28},"2":{"name":"(anonymous_2)","decl":{"start":{"line":37,"column":2},"end":{"line":37,"column":3}},"loc":{"start":{"line":37,"column":75},"end":{"line":44,"column":3}},"line":37}},"branchMap":{"0":{"loc":{"start":{"line":14,"column":6},"end":{"line":24,"column":7}},"type":"if","locations":[{"start":{"line":14,"column":6},"end":{"line":24,"column":7}},{"start":{"line":22,"column":13},"end":{"line":24,"column":7}}],"line":14}},"s":{"0":0,"1":0,"2":0,"3":0,"4":0,"5":0,"6":0,"7":0,"8":0,"9":0,"10":0,"11":0,"12":0,"13":0,"14":0},"f":{"0":0,"1":0,"2":0},"b":{"0":[0,0]},"_coverageSchema":"1a1c01bbd47fc00a2c39e90264f33305004495a9","hash":"9c12c15353a666d8afad9e9c1d918b5227a59701"}
,"C:\\src\\Nest_Skripsi\\express_mono_api\\src\\controller\\user.controller.ts": {"path":"C:\\src\\Nest_Skripsi\\express_mono_api\\src\\controller\\user.controller.ts","statementMap":{"0":{"start":{"line":12,"column":4},"end":{"line":18,"column":5}},"1":{"start":{"line":13,"column":43},"end":{"line":13,"column":74}},"2":{"start":{"line":14,"column":23},"end":{"line":14,"column":58}},"3":{"start":{"line":15,"column":6},"end":{"line":15,"column":47}},"4":{"start":{"line":17,"column":6},"end":{"line":17,"column":14}},"5":{"start":{"line":22,"column":4},"end":{"line":28,"column":5}},"6":{"start":{"line":23,"column":40},"end":{"line":23,"column":71}},"7":{"start":{"line":24,"column":23},"end":{"line":24,"column":55}},"8":{"start":{"line":25,"column":6},"end":{"line":25,"column":47}},"9":{"start":{"line":27,"column":6},"end":{"line":27,"column":14}},"10":{"start":{"line":32,"column":4},"end":{"line":37,"column":5}},"11":{"start":{"line":33,"column":23},"end":{"line":33,"column":55}},"12":{"start":{"line":34,"column":6},"end":{"line":34,"column":47}},"13":{"start":{"line":36,"column":6},"end":{"line":36,"column":14}},"14":{"start":{"line":41,"column":4},"end":{"line":47,"column":5}},"15":{"start":{"line":42,"column":22},"end":{"line":42,"column":51}},"16":{"start":{"line":43,"column":23},"end":{"line":43,"column":67}},"17":{"start":{"line":44,"column":6},"end":{"line":44,"column":47}},"18":{"start":{"line":46,"column":6},"end":{"line":46,"column":14}},"19":{"start":{"line":51,"column":4},"end":{"line":56,"column":5}},"20":{"start":{"line":52,"column":23},"end":{"line":52,"column":58}},"21":{"start":{"line":53,"column":6},"end":{"line":53,"column":43}},"22":{"start":{"line":55,"column":6},"end":{"line":55,"column":14}}},"fnMap":{"0":{"name":"(anonymous_0)","decl":{"start":{"line":11,"column":2},"end":{"line":11,"column":3}},"loc":{"start":{"line":11,"column":73},"end":{"line":19,"column":3}},"line":11},"1":{"name":"(anonymous_1)","decl":{"start":{"line":21,"column":2},"end":{"line":21,"column":3}},"loc":{"start":{"line":21,"column":70},"end":{"line":29,"column":3}},"line":21},"2":{"name":"(anonymous_2)","decl":{"start":{"line":31,"column":2},"end":{"line":31,"column":3}},"loc":{"start":{"line":31,"column":72},"end":{"line":38,"column":3}},"line":31},"3":{"name":"(anonymous_3)","decl":{"start":{"line":40,"column":2},"end":{"line":40,"column":3}},"loc":{"start":{"line":40,"column":75},"end":{"line":48,"column":3}},"line":40},"4":{"name":"(anonymous_4)","decl":{"start":{"line":50,"column":2},"end":{"line":50,"column":3}},"loc":{"start":{"line":50,"column":75},"end":{"line":57,"column":3}},"line":50}},"branchMap":{},"s":{"0":0,"1":0,"2":0,"3":0,"4":0,"5":0,"6":0,"7":0,"8":0,"9":0,"10":0,"11":0,"12":0,"13":0,"14":0,"15":0,"16":0,"17":0,"18":0,"19":0,"20":0,"21":0,"22":0},"f":{"0":0,"1":0,"2":0,"3":0,"4":0},"b":{},"_coverageSchema":"1a1c01bbd47fc00a2c39e90264f33305004495a9","hash":"7306fdf584a1a8d39bb205b9caf50d1f68c4c258"}
,"C:\\src\\Nest_Skripsi\\express_mono_api\\src\\error\\fileUpload.error.ts": {"path":"C:\\src\\Nest_Skripsi\\express_mono_api\\src\\error\\fileUpload.error.ts","statementMap":{"0":{"start":{"line":7,"column":4},"end":{"line":7,"column":19}}},"fnMap":{"0":{"name":"(anonymous_0)","decl":{"start":{"line":2,"column":2},"end":{"line":2,"column":3}},"loc":{"start":{"line":6,"column":4},"end":{"line":8,"column":3}},"line":6}},"branchMap":{},"s":{"0":0},"f":{"0":0},"b":{},"_coverageSchema":"1a1c01bbd47fc00a2c39e90264f33305004495a9","hash":"eb29fe01836bb024d9490c9def6348d05eb93467"}
,"C:\\src\\Nest_Skripsi\\express_mono_api\\src\\error\\response.error.ts": {"path":"C:\\src\\Nest_Skripsi\\express_mono_api\\src\\error\\response.error.ts","statementMap":{"0":{"start":{"line":3,"column":4},"end":{"line":3,"column":19}}},"fnMap":{"0":{"name":"(anonymous_0)","decl":{"start":{"line":2,"column":2},"end":{"line":2,"column":3}},"loc":{"start":{"line":2,"column":61},"end":{"line":4,"column":3}},"line":2}},"branchMap":{},"s":{"0":0},"f":{"0":0},"b":{},"_coverageSchema":"1a1c01bbd47fc00a2c39e90264f33305004495a9","hash":"b91d98e6e7db0370284cd089438279bf191e1841"}
,"C:\\src\\Nest_Skripsi\\express_mono_api\\src\\middleware\\auth.middleware.ts": {"path":"C:\\src\\Nest_Skripsi\\express_mono_api\\src\\middleware\\auth.middleware.ts","statementMap":{"0":{"start":{"line":6,"column":30},"end":{"line":30,"column":1}},"1":{"start":{"line":11,"column":16},"end":{"line":11,"column":38}},"2":{"start":{"line":13,"column":2},"end":{"line":22,"column":3}},"3":{"start":{"line":14,"column":17},"end":{"line":14,"column":79}},"4":{"start":{"line":16,"column":4},"end":{"line":21,"column":5}},"5":{"start":{"line":17,"column":6},"end":{"line":17,"column":34}},"6":{"start":{"line":18,"column":6},"end":{"line":18,"column":22}},"7":{"start":{"line":19,"column":6},"end":{"line":19,"column":13}},"8":{"start":{"line":20,"column":6},"end":{"line":20,"column":13}},"9":{"start":{"line":24,"column":2},"end":{"line":29,"column":11}}},"fnMap":{"0":{"name":"(anonymous_0)","decl":{"start":{"line":6,"column":30},"end":{"line":6,"column":31}},"loc":{"start":{"line":10,"column":5},"end":{"line":30,"column":1}},"line":10}},"branchMap":{"0":{"loc":{"start":{"line":13,"column":2},"end":{"line":22,"column":3}},"type":"if","locations":[{"start":{"line":13,"column":2},"end":{"line":22,"column":3}},{"start":{},"end":{}}],"line":13},"1":{"loc":{"start":{"line":16,"column":4},"end":{"line":21,"column":5}},"type":"if","locations":[{"start":{"line":16,"column":4},"end":{"line":21,"column":5}},{"start":{},"end":{}}],"line":16}},"s":{"0":1,"1":1,"2":1,"3":1,"4":1,"5":1,"6":1,"7":1,"8":1,"9":0},"f":{"0":1},"b":{"0":[1,0],"1":[1,0]},"_coverageSchema":"1a1c01bbd47fc00a2c39e90264f33305004495a9","hash":"9cf73f0a5576f3235407897ce9a9b78f2c173bf1"}
,"C:\\src\\Nest_Skripsi\\express_mono_api\\src\\middleware\\error.middleware.ts": {"path":"C:\\src\\Nest_Skripsi\\express_mono_api\\src\\middleware\\error.middleware.ts","statementMap":{"0":{"start":{"line":12,"column":31},"end":{"line":44,"column":1}},"1":{"start":{"line":18,"column":2},"end":{"line":43,"column":3}},"2":{"start":{"line":19,"column":4},"end":{"line":22,"column":7}},"3":{"start":{"line":23,"column":9},"end":{"line":43,"column":3}},"4":{"start":{"line":24,"column":4},"end":{"line":27,"column":7}},"5":{"start":{"line":28,"column":9},"end":{"line":43,"column":3}},"6":{"start":{"line":29,"column":4},"end":{"line":32,"column":7}},"7":{"start":{"line":33,"column":9},"end":{"line":43,"column":3}},"8":{"start":{"line":34,"column":4},"end":{"line":34,"column":47}},"9":{"start":{"line":35,"column":24},"end":{"line":38,"column":5}},"10":{"start":{"line":39,"column":4},"end":{"line":39,"column":51}},"11":{"start":{"line":40,"column":4},"end":{"line":40,"column":51}},"12":{"start":{"line":42,"column":4},"end":{"line":42,"column":51}}},"fnMap":{"0":{"name":"(anonymous_0)","decl":{"start":{"line":12,"column":31},"end":{"line":12,"column":32}},"loc":{"start":{"line":17,"column":5},"end":{"line":44,"column":1}},"line":17},"1":{"name":"(anonymous_1)","decl":{"start":{"line":39,"column":40},"end":{"line":39,"column":41}},"loc":{"start":{"line":39,"column":47},"end":{"line":39,"column":49}},"line":39}},"branchMap":{"0":{"loc":{"start":{"line":18,"column":2},"end":{"line":43,"column":3}},"type":"if","locations":[{"start":{"line":18,"column":2},"end":{"line":43,"column":3}},{"start":{"line":23,"column":9},"end":{"line":43,"column":3}}],"line":18},"1":{"loc":{"start":{"line":23,"column":9},"end":{"line":43,"column":3}},"type":"if","locations":[{"start":{"line":23,"column":9},"end":{"line":43,"column":3}},{"start":{"line":28,"column":9},"end":{"line":43,"column":3}}],"line":23},"2":{"loc":{"start":{"line":28,"column":9},"end":{"line":43,"column":3}},"type":"if","locations":[{"start":{"line":28,"column":9},"end":{"line":43,"column":3}},{"start":{"line":33,"column":9},"end":{"line":43,"column":3}}],"line":28},"3":{"loc":{"start":{"line":33,"column":9},"end":{"line":43,"column":3}},"type":"if","locations":[{"start":{"line":33,"column":9},"end":{"line":43,"column":3}},{"start":{"line":41,"column":9},"end":{"line":43,"column":3}}],"line":33}},"s":{"0":1,"1":1,"2":1,"3":0,"4":0,"5":0,"6":0,"7":0,"8":0,"9":0,"10":0,"11":0,"12":0},"f":{"0":1,"1":0},"b":{"0":[1,0],"1":[0,0],"2":[0,0],"3":[0,0]},"_coverageSchema":"1a1c01bbd47fc00a2c39e90264f33305004495a9","hash":"ec263e2f83a2c1b1258c5111ea64ab40730463e8"}
,"C:\\src\\Nest_Skripsi\\express_mono_api\\src\\model\\asset.format.model.ts": {"path":"C:\\src\\Nest_Skripsi\\express_mono_api\\src\\model\\asset.format.model.ts","statementMap":{"0":{"start":{"line":8,"column":35},"end":{"line":10,"column":2}},"1":{"start":{"line":18,"column":2},"end":{"line":27,"column":4}},"2":{"start":{"line":36,"column":2},"end":{"line":38,"column":4}},"3":{"start":{"line":46,"column":2},"end":{"line":56,"column":4}}},"fnMap":{"0":{"name":"assetAndCategoriesPrismaResultToAssetResponse","decl":{"start":{"line":15,"column":16},"end":{"line":15,"column":61}},"loc":{"start":{"line":17,"column":23},"end":{"line":28,"column":1}},"line":17},"1":{"name":"assetAndCategoriesPicturesPrismaResultToAssetResponse","decl":{"start":{"line":43,"column":16},"end":{"line":43,"column":69}},"loc":{"start":{"line":45,"column":20},"end":{"line":57,"column":1}},"line":45},"2":{"name":"searchAssetBuilder","decl":{"start":{"line":76,"column":16},"end":{"line":76,"column":34}},"loc":{"start":{"line":76,"column":69},"end":{"line":76,"column":71}},"line":76}},"branchMap":{},"s":{"0":1,"1":0,"2":1,"3":0},"f":{"0":0,"1":0,"2":0},"b":{},"_coverageSchema":"1a1c01bbd47fc00a2c39e90264f33305004495a9","hash":"f63f9c9d28692fa6c1807d4aa30295e08b5616a1"}
,"C:\\src\\Nest_Skripsi\\express_mono_api\\src\\model\\user.model.ts": {"path":"C:\\src\\Nest_Skripsi\\express_mono_api\\src\\model\\user.model.ts","statementMap":{"0":{"start":{"line":13,"column":2},"end":{"line":13,"column":58}},"1":{"start":{"line":27,"column":2},"end":{"line":31,"column":4}},"2":{"start":{"line":49,"column":2},"end":{"line":52,"column":4}},"3":{"start":{"line":61,"column":2},"end":{"line":65,"column":4}},"4":{"start":{"line":80,"column":2},"end":{"line":80,"column":54}}},"fnMap":{"0":{"name":"RegisterUserPrismaToRegisterResponse","decl":{"start":{"line":10,"column":16},"end":{"line":10,"column":52}},"loc":{"start":{"line":12,"column":24},"end":{"line":14,"column":1}},"line":12},"1":{"name":"LoginUserPrismaToLoginResponse","decl":{"start":{"line":26,"column":16},"end":{"line":26,"column":46}},"loc":{"start":{"line":26,"column":59},"end":{"line":32,"column":1}},"line":26},"2":{"name":"GetUserPrismaToGetUserResponse","decl":{"start":{"line":48,"column":16},"end":{"line":48,"column":46}},"loc":{"start":{"line":48,"column":59},"end":{"line":53,"column":1}},"line":48},"3":{"name":"UpdateUserPrismaToUpdateUserResponse","decl":{"start":{"line":60,"column":16},"end":{"line":60,"column":52}},"loc":{"start":{"line":60,"column":65},"end":{"line":66,"column":1}},"line":60},"4":{"name":"UserToLogoutUserResponse","decl":{"start":{"line":79,"column":16},"end":{"line":79,"column":40}},"loc":{"start":{"line":79,"column":53},"end":{"line":81,"column":1}},"line":79}},"branchMap":{},"s":{"0":0,"1":0,"2":0,"3":0,"4":0},"f":{"0":0,"1":0,"2":0,"3":0,"4":0},"b":{},"_coverageSchema":"1a1c01bbd47fc00a2c39e90264f33305004495a9","hash":"fc5f54f0ad4dd3c4c278641306c939263f86d883"}
,"C:\\src\\Nest_Skripsi\\express_mono_api\\src\\router\\api.ts": {"path":"C:\\src\\Nest_Skripsi\\express_mono_api\\src\\router\\api.ts","statementMap":{"0":{"start":{"line":9,"column":25},"end":{"line":9,"column":41}},"1":{"start":{"line":11,"column":0},"end":{"line":11,"column":30}},"2":{"start":{"line":13,"column":0},"end":{"line":13,"column":56}},"3":{"start":{"line":14,"column":0},"end":{"line":14,"column":61}},"4":{"start":{"line":15,"column":0},"end":{"line":15,"column":62}},"5":{"start":{"line":17,"column":0},"end":{"line":17,"column":67}},"6":{"start":{"line":18,"column":0},"end":{"line":18,"column":70}},"7":{"start":{"line":19,"column":0},"end":{"line":19,"column":68}},"8":{"start":{"line":20,"column":0},"end":{"line":20,"column":76}},"9":{"start":{"line":21,"column":0},"end":{"line":21,"column":59}},"10":{"start":{"line":23,"column":0},"end":{"line":23,"column":74}},"11":{"start":{"line":24,"column":0},"end":{"line":24,"column":57}},"12":{"start":{"line":25,"column":0},"end":{"line":25,"column":53}}},"fnMap":{},"branchMap":{},"s":{"0":1,"1":1,"2":1,"3":1,"4":1,"5":1,"6":1,"7":1,"8":1,"9":1,"10":1,"11":1,"12":1},"f":{},"b":{},"_coverageSchema":"1a1c01bbd47fc00a2c39e90264f33305004495a9","hash":"c6dceb6b913b609e4a05fe58a3612546522bac28"}
,"C:\\src\\Nest_Skripsi\\express_mono_api\\src\\router\\public.api.ts": {"path":"C:\\src\\Nest_Skripsi\\express_mono_api\\src\\router\\public.api.ts","statementMap":{"0":{"start":{"line":4,"column":28},"end":{"line":4,"column":44}},"1":{"start":{"line":6,"column":0},"end":{"line":6,"column":57}},"2":{"start":{"line":7,"column":0},"end":{"line":7,"column":60}}},"fnMap":{},"branchMap":{},"s":{"0":1,"1":1,"2":1},"f":{},"b":{},"_coverageSchema":"1a1c01bbd47fc00a2c39e90264f33305004495a9","hash":"98ecb0c2f5b8635a420b7dd2a57eadd180172619"}
,"C:\\src\\Nest_Skripsi\\express_mono_api\\src\\service\\asset.format.service.ts": {"path":"C:\\src\\Nest_Skripsi\\express_mono_api\\src\\service\\asset.format.service.ts","statementMap":{"0":{"start":{"line":24,"column":25},"end":{"line":27,"column":5}},"1":{"start":{"line":30,"column":19},"end":{"line":46,"column":6}},"2":{"start":{"line":40,"column":18},"end":{"line":40,"column":45}},"3":{"start":{"line":48,"column":4},"end":{"line":48,"column":65}},"4":{"start":{"line":52,"column":22},"end":{"line":52,"column":47}},"5":{"start":{"line":53,"column":19},"end":{"line":56,"column":6}},"6":{"start":{"line":58,"column":4},"end":{"line":60,"column":5}},"7":{"start":{"line":59,"column":6},"end":{"line":59,"column":41}},"8":{"start":{"line":62,"column":4},"end":{"line":62,"column":73}},"9":{"start":{"line":69,"column":25},"end":{"line":72,"column":5}},"10":{"start":{"line":74,"column":4},"end":{"line":86,"column":5}},"11":{"start":{"line":75,"column":6},"end":{"line":83,"column":7}},"12":{"start":{"line":76,"column":8},"end":{"line":80,"column":9}},"13":{"start":{"line":77,"column":25},"end":{"line":79,"column":12}},"14":{"start":{"line":82,"column":8},"end":{"line":82,"column":49}},"15":{"start":{"line":85,"column":6},"end":{"line":85,"column":45}},"16":{"start":{"line":88,"column":19},"end":{"line":104,"column":6}},"17":{"start":{"line":105,"column":4},"end":{"line":105,"column":65}},"18":{"start":{"line":110,"column":22},"end":{"line":110,"column":47}},"19":{"start":{"line":113,"column":19},"end":{"line":116,"column":6}},"20":{"start":{"line":118,"column":4},"end":{"line":120,"column":5}},"21":{"start":{"line":119,"column":6},"end":{"line":119,"column":41}},"22":{"start":{"line":122,"column":4},"end":{"line":122,"column":73}},"23":{"start":{"line":129,"column":26},"end":{"line":132,"column":5}},"24":{"start":{"line":133,"column":17},"end":{"line":133,"column":62}},"25":{"start":{"line":135,"column":19},"end":{"line":135,"column":23}},"26":{"start":{"line":136,"column":4},"end":{"line":138,"column":5}},"27":{"start":{"line":137,"column":6},"end":{"line":137,"column":62}},"28":{"start":{"line":140,"column":4},"end":{"line":148,"column":5}},"29":{"start":{"line":141,"column":6},"end":{"line":147,"column":9}},"30":{"start":{"line":150,"column":4},"end":{"line":169,"column":5}},"31":{"start":{"line":151,"column":6},"end":{"line":156,"column":9}},"32":{"start":{"line":157,"column":11},"end":{"line":169,"column":5}},"33":{"start":{"line":158,"column":6},"end":{"line":162,"column":9}},"34":{"start":{"line":163,"column":11},"end":{"line":169,"column":5}},"35":{"start":{"line":164,"column":6},"end":{"line":168,"column":9}},"36":{"start":{"line":171,"column":4},"end":{"line":190,"column":5}},"37":{"start":{"line":172,"column":6},"end":{"line":177,"column":9}},"38":{"start":{"line":178,"column":11},"end":{"line":190,"column":5}},"39":{"start":{"line":179,"column":6},"end":{"line":183,"column":9}},"40":{"start":{"line":184,"column":11},"end":{"line":190,"column":5}},"41":{"start":{"line":185,"column":6},"end":{"line":189,"column":9}},"42":{"start":{"line":192,"column":19},"end":{"line":197,"column":6}},"43":{"start":{"line":199,"column":18},"end":{"line":201,"column":6}},"44":{"start":{"line":203,"column":4},"end":{"line":212,"column":6}},"45":{"start":{"line":205,"column":8},"end":{"line":205,"column":60}}},"fnMap":{"0":{"name":"(anonymous_0)","decl":{"start":{"line":19,"column":2},"end":{"line":19,"column":3}},"loc":{"start":{"line":22,"column":34},"end":{"line":49,"column":3}},"line":22},"1":{"name":"(anonymous_1)","decl":{"start":{"line":39,"column":44},"end":{"line":39,"column":45}},"loc":{"start":{"line":39,"column":58},"end":{"line":41,"column":17}},"line":39},"2":{"name":"(anonymous_2)","decl":{"start":{"line":51,"column":2},"end":{"line":51,"column":3}},"loc":{"start":{"line":51,"column":73},"end":{"line":63,"column":3}},"line":51},"3":{"name":"(anonymous_3)","decl":{"start":{"line":65,"column":2},"end":{"line":65,"column":3}},"loc":{"start":{"line":68,"column":34},"end":{"line":106,"column":3}},"line":68},"4":{"name":"(anonymous_4)","decl":{"start":{"line":108,"column":2},"end":{"line":108,"column":3}},"loc":{"start":{"line":108,"column":76},"end":{"line":123,"column":3}},"line":108},"5":{"name":"(anonymous_5)","decl":{"start":{"line":125,"column":2},"end":{"line":125,"column":3}},"loc":{"start":{"line":128,"column":44},"end":{"line":213,"column":3}},"line":128},"6":{"name":"(anonymous_6)","decl":{"start":{"line":204,"column":23},"end":{"line":204,"column":24}},"loc":{"start":{"line":205,"column":8},"end":{"line":205,"column":60}},"line":205}},"branchMap":{"0":{"loc":{"start":{"line":38,"column":12},"end":{"line":42,"column":18}},"type":"cond-expr","locations":[{"start":{"line":39,"column":16},"end":{"line":41,"column":18}},{"start":{"line":42,"column":16},"end":{"line":42,"column":18}}],"line":38},"1":{"loc":{"start":{"line":38,"column":12},"end":{"line":38,"column":77}},"type":"binary-expr","locations":[{"start":{"line":38,"column":12},"end":{"line":38,"column":35}},{"start":{"line":38,"column":39},"end":{"line":38,"column":77}}],"line":38},"2":{"loc":{"start":{"line":58,"column":4},"end":{"line":60,"column":5}},"type":"if","locations":[{"start":{"line":58,"column":4},"end":{"line":60,"column":5}},{"start":{},"end":{}}],"line":58},"3":{"loc":{"start":{"line":75,"column":6},"end":{"line":83,"column":7}},"type":"if","locations":[{"start":{"line":75,"column":6},"end":{"line":83,"column":7}},{"start":{"line":81,"column":13},"end":{"line":83,"column":7}}],"line":75},"4":{"loc":{"start":{"line":75,"column":10},"end":{"line":75,"column":75}},"type":"binary-expr","locations":[{"start":{"line":75,"column":10},"end":{"line":75,"column":33}},{"start":{"line":75,"column":37},"end":{"line":75,"column":75}}],"line":75},"5":{"loc":{"start":{"line":118,"column":4},"end":{"line":120,"column":5}},"type":"if","locations":[{"start":{"line":118,"column":4},"end":{"line":120,"column":5}},{"start":{},"end":{}}],"line":118},"6":{"loc":{"start":{"line":136,"column":4},"end":{"line":138,"column":5}},"type":"if","locations":[{"start":{"line":136,"column":4},"end":{"line":138,"column":5}},{"start":{},"end":{}}],"line":136},"7":{"loc":{"start":{"line":140,"column":4},"end":{"line":148,"column":5}},"type":"if","locations":[{"start":{"line":140,"column":4},"end":{"line":148,"column":5}},{"start":{},"end":{}}],"line":140},"8":{"loc":{"start":{"line":150,"column":4},"end":{"line":169,"column":5}},"type":"if","locations":[{"start":{"line":150,"column":4},"end":{"line":169,"column":5}},{"start":{"line":157,"column":11},"end":{"line":169,"column":5}}],"line":150},"9":{"loc":{"start":{"line":150,"column":8},"end":{"line":150,"column":72}},"type":"binary-expr","locations":[{"start":{"line":150,"column":8},"end":{"line":150,"column":38}},{"start":{"line":150,"column":42},"end":{"line":150,"column":72}}],"line":150},"10":{"loc":{"start":{"line":157,"column":11},"end":{"line":169,"column":5}},"type":"if","locations":[{"start":{"line":157,"column":11},"end":{"line":169,"column":5}},{"start":{"line":163,"column":11},"end":{"line":169,"column":5}}],"line":157},"11":{"loc":{"start":{"line":163,"column":11},"end":{"line":169,"column":5}},"type":"if","locations":[{"start":{"line":163,"column":11},"end":{"line":169,"column":5}},{"start":{},"end":{}}],"line":163},"12":{"loc":{"start":{"line":171,"column":4},"end":{"line":190,"column":5}},"type":"if","locations":[{"start":{"line":171,"column":4},"end":{"line":190,"column":5}},{"start":{"line":178,"column":11},"end":{"line":190,"column":5}}],"line":171},"13":{"loc":{"start":{"line":171,"column":8},"end":{"line":171,"column":74}},"type":"binary-expr","locations":[{"start":{"line":171,"column":8},"end":{"line":171,"column":39}},{"start":{"line":171,"column":43},"end":{"line":171,"column":74}}],"line":171},"14":{"loc":{"start":{"line":178,"column":11},"end":{"line":190,"column":5}},"type":"if","locations":[{"start":{"line":178,"column":11},"end":{"line":190,"column":5}},{"start":{"line":184,"column":11},"end":{"line":190,"column":5}}],"line":178},"15":{"loc":{"start":{"line":184,"column":11},"end":{"line":190,"column":5}},"type":"if","locations":[{"start":{"line":184,"column":11},"end":{"line":190,"column":5}},{"start":{},"end":{}}],"line":184}},"s":{"0":1,"1":0,"2":0,"3":0,"4":0,"5":0,"6":0,"7":0,"8":0,"9":0,"10":0,"11":0,"12":0,"13":0,"14":0,"15":0,"16":0,"17":0,"18":0,"19":0,"20":0,"21":0,"22":0,"23":0,"24":0,"25":0,"26":0,"27":0,"28":0,"29":0,"30":0,"31":0,"32":0,"33":0,"34":0,"35":0,"36":0,"37":0,"38":0,"39":0,"40":0,"41":0,"42":0,"43":0,"44":0,"45":0},"f":{"0":1,"1":0,"2":0,"3":0,"4":0,"5":0,"6":0},"b":{"0":[0,0],"1":[0,0],"2":[0,0],"3":[0,0],"4":[0,0],"5":[0,0],"6":[0,0],"7":[0,0],"8":[0,0],"9":[0,0],"10":[0,0],"11":[0,0],"12":[0,0],"13":[0,0],"14":[0,0],"15":[0,0]},"_coverageSchema":"1a1c01bbd47fc00a2c39e90264f33305004495a9","hash":"25e062aa319dbad0dc139f59f1726368e9cfdc92"}
,"C:\\src\\Nest_Skripsi\\express_mono_api\\src\\service\\file.service.ts": {"path":"C:\\src\\Nest_Skripsi\\express_mono_api\\src\\service\\file.service.ts","statementMap":{"0":{"start":{"line":21,"column":22},"end":{"line":21,"column":51}},"1":{"start":{"line":22,"column":20},"end":{"line":25,"column":6}},"2":{"start":{"line":27,"column":4},"end":{"line":29,"column":5}},"3":{"start":{"line":28,"column":6},"end":{"line":28,"column":41}},"4":{"start":{"line":32,"column":22},"end":{"line":32,"column":40}},"5":{"start":{"line":33,"column":19},"end":{"line":45,"column":6}},"6":{"start":{"line":47,"column":4},"end":{"line":49,"column":5}},"7":{"start":{"line":48,"column":6},"end":{"line":48,"column":41}},"8":{"start":{"line":50,"column":4},"end":{"line":50,"column":56}},"9":{"start":{"line":55,"column":26},"end":{"line":55,"column":39}},"10":{"start":{"line":56,"column":30},"end":{"line":56,"column":73}},"11":{"start":{"line":57,"column":4},"end":{"line":57,"column":29}},"12":{"start":{"line":62,"column":43},"end":{"line":74,"column":6}},"13":{"start":{"line":77,"column":26},"end":{"line":77,"column":39}},"14":{"start":{"line":78,"column":30},"end":{"line":81,"column":5}},"15":{"start":{"line":82,"column":4},"end":{"line":82,"column":57}},"16":{"start":{"line":84,"column":4},"end":{"line":84,"column":21}}},"fnMap":{"0":{"name":"(anonymous_0)","decl":{"start":{"line":15,"column":2},"end":{"line":15,"column":3}},"loc":{"start":{"line":19,"column":33},"end":{"line":51,"column":3}},"line":19},"1":{"name":"(anonymous_1)","decl":{"start":{"line":54,"column":2},"end":{"line":54,"column":3}},"loc":{"start":{"line":54,"column":47},"end":{"line":58,"column":3}},"line":54},"2":{"name":"(anonymous_2)","decl":{"start":{"line":60,"column":2},"end":{"line":60,"column":3}},"loc":{"start":{"line":60,"column":79},"end":{"line":85,"column":3}},"line":60},"3":{"name":"(anonymous_3)","decl":{"start":{"line":82,"column":46},"end":{"line":82,"column":47}},"loc":{"start":{"line":82,"column":53},"end":{"line":82,"column":55}},"line":82}},"branchMap":{"0":{"loc":{"start":{"line":27,"column":4},"end":{"line":29,"column":5}},"type":"if","locations":[{"start":{"line":27,"column":4},"end":{"line":29,"column":5}},{"start":{},"end":{}}],"line":27},"1":{"loc":{"start":{"line":47,"column":4},"end":{"line":49,"column":5}},"type":"if","locations":[{"start":{"line":47,"column":4},"end":{"line":49,"column":5}},{"start":{},"end":{}}],"line":47}},"s":{"0":0,"1":0,"2":0,"3":0,"4":0,"5":0,"6":0,"7":0,"8":0,"9":0,"10":0,"11":0,"12":0,"13":0,"14":0,"15":0,"16":0},"f":{"0":0,"1":0,"2":0,"3":0},"b":{"0":[0,0],"1":[0,0]},"_coverageSchema":"1a1c01bbd47fc00a2c39e90264f33305004495a9","hash":"c96c7fc3ee00acfc58be45dd05761ccf66f90632"}
,"C:\\src\\Nest_Skripsi\\express_mono_api\\src\\service\\user.service.ts": {"path":"C:\\src\\Nest_Skripsi\\express_mono_api\\src\\service\\user.service.ts","statementMap":{"0":{"start":{"line":28,"column":28},"end":{"line":31,"column":5}},"1":{"start":{"line":33,"column":26},"end":{"line":35,"column":6}},"2":{"start":{"line":37,"column":4},"end":{"line":39,"column":5}},"3":{"start":{"line":38,"column":6},"end":{"line":38,"column":61}},"4":{"start":{"line":40,"column":17},"end":{"line":40,"column":74}},"5":{"start":{"line":41,"column":4},"end":{"line":41,"column":54}},"6":{"start":{"line":45,"column":25},"end":{"line":48,"column":5}},"7":{"start":{"line":50,"column":22},"end":{"line":55,"column":6}},"8":{"start":{"line":57,"column":4},"end":{"line":59,"column":5}},"9":{"start":{"line":58,"column":6},"end":{"line":58,"column":68}},"10":{"start":{"line":61,"column":20},"end":{"line":66,"column":6}},"11":{"start":{"line":68,"column":21},"end":{"line":68,"column":62}},"12":{"start":{"line":69,"column":4},"end":{"line":69,"column":20}},"13":{"start":{"line":73,"column":4},"end":{"line":73,"column":48}},"14":{"start":{"line":80,"column":26},"end":{"line":83,"column":5}},"15":{"start":{"line":85,"column":4},"end":{"line":87,"column":5}},"16":{"start":{"line":86,"column":6},"end":{"line":86,"column":37}},"17":{"start":{"line":89,"column":4},"end":{"line":91,"column":5}},"18":{"start":{"line":90,"column":6},"end":{"line":90,"column":45}},"19":{"start":{"line":93,"column":19},"end":{"line":96,"column":6}},"20":{"start":{"line":98,"column":4},"end":{"line":98,"column":56}},"21":{"start":{"line":102,"column":19},"end":{"line":105,"column":6}},"22":{"start":{"line":106,"column":4},"end":{"line":106,"column":18}}},"fnMap":{"0":{"name":"(anonymous_0)","decl":{"start":{"line":25,"column":2},"end":{"line":25,"column":3}},"loc":{"start":{"line":27,"column":35},"end":{"line":42,"column":3}},"line":27},"1":{"name":"(anonymous_1)","decl":{"start":{"line":44,"column":2},"end":{"line":44,"column":3}},"loc":{"start":{"line":44,"column":76},"end":{"line":70,"column":3}},"line":44},"2":{"name":"(anonymous_2)","decl":{"start":{"line":72,"column":2},"end":{"line":72,"column":3}},"loc":{"start":{"line":72,"column":57},"end":{"line":74,"column":3}},"line":72},"3":{"name":"(anonymous_3)","decl":{"start":{"line":76,"column":2},"end":{"line":76,"column":3}},"loc":{"start":{"line":79,"column":33},"end":{"line":99,"column":3}},"line":79},"4":{"name":"(anonymous_4)","decl":{"start":{"line":101,"column":2},"end":{"line":101,"column":3}},"loc":{"start":{"line":101,"column":63},"end":{"line":107,"column":3}},"line":101}},"branchMap":{"0":{"loc":{"start":{"line":37,"column":4},"end":{"line":39,"column":5}},"type":"if","locations":[{"start":{"line":37,"column":4},"end":{"line":39,"column":5}},{"start":{},"end":{}}],"line":37},"1":{"loc":{"start":{"line":57,"column":4},"end":{"line":59,"column":5}},"type":"if","locations":[{"start":{"line":57,"column":4},"end":{"line":59,"column":5}},{"start":{},"end":{}}],"line":57},"2":{"loc":{"start":{"line":85,"column":4},"end":{"line":87,"column":5}},"type":"if","locations":[{"start":{"line":85,"column":4},"end":{"line":87,"column":5}},{"start":{},"end":{}}],"line":85},"3":{"loc":{"start":{"line":89,"column":4},"end":{"line":91,"column":5}},"type":"if","locations":[{"start":{"line":89,"column":4},"end":{"line":91,"column":5}},{"start":{},"end":{}}],"line":89}},"s":{"0":0,"1":0,"2":0,"3":0,"4":0,"5":0,"6":0,"7":0,"8":0,"9":0,"10":0,"11":0,"12":0,"13":0,"14":0,"15":0,"16":0,"17":0,"18":0,"19":0,"20":0,"21":0,"22":0},"f":{"0":0,"1":0,"2":0,"3":0,"4":0},"b":{"0":[0,0],"1":[0,0],"2":[0,0],"3":[0,0]},"_coverageSchema":"1a1c01bbd47fc00a2c39e90264f33305004495a9","hash":"a96beda72548f7283a66f2620613a426d349ba55"}
,"C:\\src\\Nest_Skripsi\\express_mono_api\\src\\utility\\numberChecker.ts": {"path":"C:\\src\\Nest_Skripsi\\express_mono_api\\src\\utility\\numberChecker.ts","statementMap":{"0":{"start":{"line":4,"column":2},"end":{"line":6,"column":3}},"1":{"start":{"line":5,"column":4},"end":{"line":5,"column":65}},"2":{"start":{"line":7,"column":2},"end":{"line":7,"column":24}}},"fnMap":{"0":{"name":"stringToNumberChanger","decl":{"start":{"line":3,"column":16},"end":{"line":3,"column":37}},"loc":{"start":{"line":3,"column":62},"end":{"line":8,"column":1}},"line":3}},"branchMap":{"0":{"loc":{"start":{"line":4,"column":2},"end":{"line":6,"column":3}},"type":"if","locations":[{"start":{"line":4,"column":2},"end":{"line":6,"column":3}},{"start":{},"end":{}}],"line":4}},"s":{"0":0,"1":0,"2":0},"f":{"0":0},"b":{"0":[0,0]},"_coverageSchema":"1a1c01bbd47fc00a2c39e90264f33305004495a9","hash":"2515b5d555204f505a8687a3b81eebd35f619107"}
,"C:\\src\\Nest_Skripsi\\express_mono_api\\src\\validation\\asset.format.validation.ts": {"path":"C:\\src\\Nest_Skripsi\\express_mono_api\\src\\validation\\asset.format.validation.ts","statementMap":{"0":{"start":{"line":4,"column":36},"end":{"line":30,"column":4}},"1":{"start":{"line":32,"column":36},"end":{"line":51,"column":4}},"2":{"start":{"line":53,"column":36},"end":{"line":62,"column":4}}},"fnMap":{},"branchMap":{},"s":{"0":1,"1":1,"2":1},"f":{},"b":{},"_coverageSchema":"1a1c01bbd47fc00a2c39e90264f33305004495a9","hash":"d2dce593432146eb42f91bf98d8188e2fa4bec3b"}
,"C:\\src\\Nest_Skripsi\\express_mono_api\\src\\validation\\user.validation.ts": {"path":"C:\\src\\Nest_Skripsi\\express_mono_api\\src\\validation\\user.validation.ts","statementMap":{"0":{"start":{"line":4,"column":38},"end":{"line":8,"column":4}},"1":{"start":{"line":10,"column":35},"end":{"line":13,"column":4}},"2":{"start":{"line":15,"column":36},"end":{"line":18,"column":4}}},"fnMap":{},"branchMap":{},"s":{"0":1,"1":1,"2":1},"f":{},"b":{},"_coverageSchema":"1a1c01bbd47fc00a2c39e90264f33305004495a9","hash":"a9676f90985e4f7f922fa23a8728d6b4bd440468"}
,"C:\\src\\Nest_Skripsi\\express_mono_api\\src\\validation\\validation.ts": {"path":"C:\\src\\Nest_Skripsi\\express_mono_api\\src\\validation\\validation.ts","statementMap":{"0":{"start":{"line":5,"column":4},"end":{"line":5,"column":30}}},"fnMap":{"0":{"name":"(anonymous_0)","decl":{"start":{"line":4,"column":2},"end":{"line":4,"column":3}},"loc":{"start":{"line":4,"column":50},"end":{"line":6,"column":3}},"line":4}},"branchMap":{},"s":{"0":1},"f":{"0":1},"b":{},"_coverageSchema":"1a1c01bbd47fc00a2c39e90264f33305004495a9","hash":"2d55056848ffe1bfdbdabf870c0bb676d14a34fb"}
,"C:\\src\\Nest_Skripsi\\express_mono_api\\test\\asset.test.util.ts": {"path":"C:\\src\\Nest_Skripsi\\express_mono_api\\test\\asset.test.util.ts","statementMap":{"0":{"start":{"line":7,"column":4},"end":{"line":24,"column":7}},"1":{"start":{"line":28,"column":42},"end":{"line":39,"column":6}},"2":{"start":{"line":43,"column":4},"end":{"line":51,"column":7}},"3":{"start":{"line":55,"column":4},"end":{"line":59,"column":7}}},"fnMap":{"0":{"name":"(anonymous_0)","decl":{"start":{"line":6,"column":2},"end":{"line":6,"column":3}},"loc":{"start":{"line":6,"column":34},"end":{"line":25,"column":3}},"line":6},"1":{"name":"(anonymous_1)","decl":{"start":{"line":27,"column":2},"end":{"line":27,"column":3}},"loc":{"start":{"line":27,"column":34},"end":{"line":40,"column":3}},"line":27},"2":{"name":"(anonymous_2)","decl":{"start":{"line":42,"column":2},"end":{"line":42,"column":3}},"loc":{"start":{"line":42,"column":63},"end":{"line":52,"column":3}},"line":42},"3":{"name":"(anonymous_3)","decl":{"start":{"line":54,"column":2},"end":{"line":54,"column":3}},"loc":{"start":{"line":54,"column":78},"end":{"line":60,"column":3}},"line":54}},"branchMap":{},"s":{"0":1,"1":1,"2":0,"3":0},"f":{"0":1,"1":1,"2":0,"3":0},"b":{},"_coverageSchema":"1a1c01bbd47fc00a2c39e90264f33305004495a9","hash":"4cb2272c03242d24f493e2903d82e1faa3251177"}
,"C:\\src\\Nest_Skripsi\\express_mono_api\\test\\user.test.util.ts": {"path":"C:\\src\\Nest_Skripsi\\express_mono_api\\test\\user.test.util.ts","statementMap":{"0":{"start":{"line":6,"column":4},"end":{"line":8,"column":7}},"1":{"start":{"line":12,"column":4},"end":{"line":19,"column":7}},"2":{"start":{"line":23,"column":17},"end":{"line":25,"column":6}},"3":{"start":{"line":27,"column":4},"end":{"line":29,"column":5}},"4":{"start":{"line":28,"column":6},"end":{"line":28,"column":40}},"5":{"start":{"line":31,"column":4},"end":{"line":31,"column":16}}},"fnMap":{"0":{"name":"(anonymous_0)","decl":{"start":{"line":5,"column":2},"end":{"line":5,"column":3}},"loc":{"start":{"line":5,"column":24},"end":{"line":9,"column":3}},"line":5},"1":{"name":"(anonymous_1)","decl":{"start":{"line":11,"column":2},"end":{"line":11,"column":3}},"loc":{"start":{"line":11,"column":24},"end":{"line":20,"column":3}},"line":11},"2":{"name":"(anonymous_2)","decl":{"start":{"line":22,"column":2},"end":{"line":22,"column":3}},"loc":{"start":{"line":22,"column":36},"end":{"line":32,"column":3}},"line":22}},"branchMap":{"0":{"loc":{"start":{"line":27,"column":4},"end":{"line":29,"column":5}},"type":"if","locations":[{"start":{"line":27,"column":4},"end":{"line":29,"column":5}},{"start":{},"end":{}}],"line":27}},"s":{"0":1,"1":1,"2":0,"3":0,"4":0,"5":0},"f":{"0":1,"1":1,"2":0},"b":{"0":[0,0]},"_coverageSchema":"1a1c01bbd47fc00a2c39e90264f33305004495a9","hash":"92188de953d2acc5b7fd747027ec971c3441ff4b"}
}
