{"C:\\src\\Nest_Skripsi\\express_micro_api\\api-gateway\\src\\application\\logger.ts": {"path":"C:\\src\\Nest_Skripsi\\express_micro_api\\api-gateway\\src\\application\\logger.ts","statementMap":{"0":{"start":{"line":3,"column":22},"end":{"line":7,"column":2}}},"fnMap":{},"branchMap":{},"s":{"0":1},"f":{},"b":{},"_coverageSchema":"1a1c01bbd47fc00a2c39e90264f33305004495a9","hash":"b6b7770cbb83b19063884e9936c0e05dbbe6ba77"}
,"C:\\src\\Nest_Skripsi\\express_micro_api\\api-gateway\\src\\application\\web.ts": {"path":"C:\\src\\Nest_Skripsi\\express_micro_api\\api-gateway\\src\\application\\web.ts","statementMap":{"0":{"start":{"line":6,"column":0},"end":{"line":6,"column":16}},"1":{"start":{"line":8,"column":13},"end":{"line":8,"column":37}},"2":{"start":{"line":9,"column":28},"end":{"line":9,"column":37}},"3":{"start":{"line":11,"column":0},"end":{"line":11,"column":16}},"4":{"start":{"line":12,"column":0},"end":{"line":12,"column":22}},"5":{"start":{"line":13,"column":0},"end":{"line":13,"column":19}},"6":{"start":{"line":15,"column":0},"end":{"line":17,"column":3}},"7":{"start":{"line":16,"column":2},"end":{"line":16,"column":61}}},"fnMap":{"0":{"name":"(anonymous_0)","decl":{"start":{"line":15,"column":17},"end":{"line":15,"column":18}},"loc":{"start":{"line":15,"column":29},"end":{"line":17,"column":1}},"line":15}},"branchMap":{},"s":{"0":1,"1":1,"2":1,"3":1,"4":1,"5":1,"6":1,"7":1},"f":{"0":1},"b":{},"_coverageSchema":"1a1c01bbd47fc00a2c39e90264f33305004495a9","hash":"6987bd3dd3f30f68565d154c606b3c97a3a594f7"}
,"C:\\src\\Nest_Skripsi\\express_micro_api\\api-gateway\\src\\middleware\\auth.middleware.ts": {"path":"C:\\src\\Nest_Skripsi\\express_micro_api\\api-gateway\\src\\middleware\\auth.middleware.ts","statementMap":{"0":{"start":{"line":6,"column":30},"end":{"line":50,"column":1}},"1":{"start":{"line":12,"column":16},"end":{"line":12,"column":38}},"2":{"start":{"line":15,"column":2},"end":{"line":23,"column":3}},"3":{"start":{"line":16,"column":4},"end":{"line":22,"column":13}},"4":{"start":{"line":26,"column":25},"end":{"line":26,"column":63}},"5":{"start":{"line":28,"column":2},"end":{"line":49,"column":7}},"6":{"start":{"line":35,"column":6},"end":{"line":35,"column":39}},"7":{"start":{"line":36,"column":6},"end":{"line":36,"column":13}},"8":{"start":{"line":37,"column":6},"end":{"line":37,"column":13}},"9":{"start":{"line":40,"column":6},"end":{"line":40,"column":46}},"10":{"start":{"line":41,"column":6},"end":{"line":41,"column":23}},"11":{"start":{"line":42,"column":6},"end":{"line":48,"column":15}}},"fnMap":{"0":{"name":"(anonymous_0)","decl":{"start":{"line":6,"column":30},"end":{"line":6,"column":31}},"loc":{"start":{"line":10,"column":5},"end":{"line":50,"column":1}},"line":10},"1":{"name":"(anonymous_1)","decl":{"start":{"line":34,"column":10},"end":{"line":34,"column":11}},"loc":{"start":{"line":34,"column":22},"end":{"line":38,"column":5}},"line":34},"2":{"name":"(anonymous_2)","decl":{"start":{"line":39,"column":11},"end":{"line":39,"column":12}},"loc":{"start":{"line":39,"column":22},"end":{"line":49,"column":5}},"line":39}},"branchMap":{"0":{"loc":{"start":{"line":15,"column":2},"end":{"line":23,"column":3}},"type":"if","locations":[{"start":{"line":15,"column":2},"end":{"line":23,"column":3}},{"start":{},"end":{}}],"line":15}},"s":{"0":1,"1":1,"2":1,"3":0,"4":1,"5":1,"6":0,"7":0,"8":0,"9":1,"10":1,"11":1},"f":{"0":1,"1":0,"2":1},"b":{"0":[0,1]},"_coverageSchema":"1a1c01bbd47fc00a2c39e90264f33305004495a9","hash":"ef98c1c86030db5fcf57c3af5b9f81684a368c0f"}
,"C:\\src\\Nest_Skripsi\\express_micro_api\\api-gateway\\src\\route\\api.ts": {"path":"C:\\src\\Nest_Skripsi\\express_micro_api\\api-gateway\\src\\route\\api.ts","statementMap":{"0":{"start":{"line":7,"column":25},"end":{"line":7,"column":41}},"1":{"start":{"line":9,"column":25},"end":{"line":9,"column":53}},"2":{"start":{"line":10,"column":26},"end":{"line":10,"column":55}},"3":{"start":{"line":11,"column":25},"end":{"line":11,"column":53}},"4":{"start":{"line":12,"column":25},"end":{"line":12,"column":53}},"5":{"start":{"line":14,"column":0},"end":{"line":14,"column":30}},"6":{"start":{"line":16,"column":0},"end":{"line":30,"column":2}},"7":{"start":{"line":23,"column":8},"end":{"line":23,"column":61}},"8":{"start":{"line":26,"column":8},"end":{"line":26,"column":42}},"9":{"start":{"line":32,"column":0},"end":{"line":44,"column":2}},"10":{"start":{"line":40,"column":8},"end":{"line":40,"column":61}},"11":{"start":{"line":46,"column":0},"end":{"line":57,"column":2}},"12":{"start":{"line":53,"column":8},"end":{"line":53,"column":61}},"13":{"start":{"line":59,"column":0},"end":{"line":70,"column":2}},"14":{"start":{"line":66,"column":8},"end":{"line":66,"column":61}}},"fnMap":{"0":{"name":"(anonymous_0)","decl":{"start":{"line":22,"column":16},"end":{"line":22,"column":17}},"loc":{"start":{"line":22,"column":53},"end":{"line":24,"column":7}},"line":22},"1":{"name":"(anonymous_1)","decl":{"start":{"line":25,"column":13},"end":{"line":25,"column":14}},"loc":{"start":{"line":25,"column":32},"end":{"line":27,"column":7}},"line":25},"2":{"name":"(anonymous_2)","decl":{"start":{"line":39,"column":16},"end":{"line":39,"column":17}},"loc":{"start":{"line":39,"column":53},"end":{"line":41,"column":7}},"line":39},"3":{"name":"(anonymous_3)","decl":{"start":{"line":52,"column":16},"end":{"line":52,"column":17}},"loc":{"start":{"line":52,"column":53},"end":{"line":54,"column":7}},"line":52},"4":{"name":"(anonymous_4)","decl":{"start":{"line":65,"column":16},"end":{"line":65,"column":17}},"loc":{"start":{"line":65,"column":53},"end":{"line":67,"column":7}},"line":65}},"branchMap":{},"s":{"0":1,"1":1,"2":1,"3":1,"4":1,"5":1,"6":1,"7":0,"8":0,"9":1,"10":0,"11":1,"12":0,"13":1,"14":0},"f":{"0":0,"1":0,"2":0,"3":0,"4":0},"b":{},"_coverageSchema":"1a1c01bbd47fc00a2c39e90264f33305004495a9","hash":"bcea5151dd416c4d7fa3e297f9a3459fb6708a83"}
,"C:\\src\\Nest_Skripsi\\express_micro_api\\api-gateway\\src\\route\\public.api.ts": {"path":"C:\\src\\Nest_Skripsi\\express_micro_api\\api-gateway\\src\\route\\public.api.ts","statementMap":{"0":{"start":{"line":3,"column":28},"end":{"line":3,"column":44}},"1":{"start":{"line":5,"column":25},"end":{"line":5,"column":48}},"2":{"start":{"line":7,"column":0},"end":{"line":13,"column":2}},"3":{"start":{"line":15,"column":0},"end":{"line":21,"column":2}}},"fnMap":{},"branchMap":{},"s":{"0":1,"1":1,"2":1,"3":1},"f":{},"b":{},"_coverageSchema":"1a1c01bbd47fc00a2c39e90264f33305004495a9","hash":"0b1246936ef66aebd89077719dd89b971b6c3598"}
,"C:\\src\\Nest_Skripsi\\express_micro_api\\api-gateway\\test\\asset.gateway.test.util.ts": {"path":"C:\\src\\Nest_Skripsi\\express_micro_api\\api-gateway\\test\\asset.gateway.test.util.ts","statementMap":{"0":{"start":{"line":7,"column":4},"end":{"line":24,"column":7}},"1":{"start":{"line":28,"column":42},"end":{"line":39,"column":6}},"2":{"start":{"line":43,"column":4},"end":{"line":51,"column":7}},"3":{"start":{"line":55,"column":4},"end":{"line":59,"column":7}},"4":{"start":{"line":63,"column":4},"end":{"line":69,"column":7}},"5":{"start":{"line":71,"column":4},"end":{"line":76,"column":6}},"6":{"start":{"line":73,"column":8},"end":{"line":75,"column":10}},"7":{"start":{"line":80,"column":4},"end":{"line":82,"column":7}},"8":{"start":{"line":84,"column":4},"end":{"line":89,"column":6}},"9":{"start":{"line":86,"column":8},"end":{"line":88,"column":10}},"10":{"start":{"line":93,"column":4},"end":{"line":93,"column":48}}},"fnMap":{"0":{"name":"(anonymous_0)","decl":{"start":{"line":6,"column":2},"end":{"line":6,"column":3}},"loc":{"start":{"line":6,"column":34},"end":{"line":25,"column":3}},"line":6},"1":{"name":"(anonymous_1)","decl":{"start":{"line":27,"column":2},"end":{"line":27,"column":3}},"loc":{"start":{"line":27,"column":34},"end":{"line":40,"column":3}},"line":27},"2":{"name":"(anonymous_2)","decl":{"start":{"line":42,"column":2},"end":{"line":42,"column":3}},"loc":{"start":{"line":42,"column":63},"end":{"line":52,"column":3}},"line":42},"3":{"name":"(anonymous_3)","decl":{"start":{"line":54,"column":2},"end":{"line":54,"column":3}},"loc":{"start":{"line":54,"column":78},"end":{"line":60,"column":3}},"line":54},"4":{"name":"(anonymous_4)","decl":{"start":{"line":62,"column":2},"end":{"line":62,"column":3}},"loc":{"start":{"line":62,"column":32},"end":{"line":77,"column":3}},"line":62},"5":{"name":"(anonymous_5)","decl":{"start":{"line":72,"column":6},"end":{"line":72,"column":7}},"loc":{"start":{"line":73,"column":8},"end":{"line":75,"column":10}},"line":73},"6":{"name":"(anonymous_6)","decl":{"start":{"line":79,"column":2},"end":{"line":79,"column":3}},"loc":{"start":{"line":79,"column":32},"end":{"line":90,"column":3}},"line":79},"7":{"name":"(anonymous_7)","decl":{"start":{"line":85,"column":6},"end":{"line":85,"column":7}},"loc":{"start":{"line":86,"column":8},"end":{"line":88,"column":10}},"line":86},"8":{"name":"(anonymous_8)","decl":{"start":{"line":92,"column":2},"end":{"line":92,"column":3}},"loc":{"start":{"line":92,"column":35},"end":{"line":94,"column":3}},"line":92}},"branchMap":{},"s":{"0":1,"1":1,"2":0,"3":0,"4":0,"5":0,"6":0,"7":0,"8":0,"9":0,"10":0},"f":{"0":1,"1":1,"2":0,"3":0,"4":0,"5":0,"6":0,"7":0,"8":0},"b":{},"_coverageSchema":"1a1c01bbd47fc00a2c39e90264f33305004495a9","hash":"162c2e3a6261406a16ca33a4f9131da6a4eb1b02"}
,"C:\\src\\Nest_Skripsi\\express_micro_api\\api-gateway\\test\\database\\database.ts": {"path":"C:\\src\\Nest_Skripsi\\express_micro_api\\api-gateway\\test\\database\\database.ts","statementMap":{"0":{"start":{"line":5,"column":27},"end":{"line":24,"column":2}},"1":{"start":{"line":26,"column":26},"end":{"line":45,"column":2}},"2":{"start":{"line":47,"column":26},"end":{"line":66,"column":2}}},"fnMap":{},"branchMap":{},"s":{"0":1,"1":1,"2":1},"f":{},"b":{},"_coverageSchema":"1a1c01bbd47fc00a2c39e90264f33305004495a9","hash":"1ac875efe73c0b315298eedc0188fd8a42b87ec3"}
}
