TN:
SF:src\application\logger.ts
FNF:0
FNH:0
DA:3,1
LF:1
LH:1
BRF:0
BRH:0
end_of_record
TN:
SF:src\application\web.ts
FN:15,(anonymous_0)
FNF:1
FNH:1
FNDA:1,(anonymous_0)
DA:6,1
DA:8,1
DA:9,1
DA:11,1
DA:12,1
DA:13,1
DA:15,1
DA:16,1
LF:8
LH:8
BRF:0
BRH:0
end_of_record
TN:
SF:src\middleware\auth.middleware.ts
FN:6,(anonymous_0)
FN:34,(anonymous_1)
FN:39,(anonymous_2)
FNF:3
FNH:2
FNDA:1,(anonymous_0)
FNDA:0,(anonymous_1)
FNDA:1,(anonymous_2)
DA:6,1
DA:12,1
DA:15,1
DA:16,0
DA:26,1
DA:28,1
DA:35,0
DA:36,0
DA:37,0
DA:40,1
DA:41,1
DA:42,1
LF:12
LH:8
BRDA:15,0,0,0
BRDA:15,0,1,1
BRF:2
BRH:1
end_of_record
TN:
SF:src\route\api.ts
FN:22,(anonymous_0)
FN:25,(anonymous_1)
FN:39,(anonymous_2)
FN:52,(anonymous_3)
FN:65,(anonymous_4)
FNF:5
FNH:0
FNDA:0,(anonymous_0)
FNDA:0,(anonymous_1)
FNDA:0,(anonymous_2)
FNDA:0,(anonymous_3)
FNDA:0,(anonymous_4)
DA:7,1
DA:9,1
DA:10,1
DA:11,1
DA:12,1
DA:14,1
DA:16,1
DA:23,0
DA:26,0
DA:32,1
DA:40,0
DA:46,1
DA:53,0
DA:59,1
DA:66,0
LF:15
LH:10
BRF:0
BRH:0
end_of_record
TN:
SF:src\route\public.api.ts
FNF:0
FNH:0
DA:3,1
DA:5,1
DA:7,1
DA:15,1
LF:4
LH:4
BRF:0
BRH:0
end_of_record
TN:
SF:test\asset.gateway.test.util.ts
FN:6,(anonymous_0)
FN:27,(anonymous_1)
FN:42,(anonymous_2)
FN:54,(anonymous_3)
FN:62,(anonymous_4)
FN:72,(anonymous_5)
FN:79,(anonymous_6)
FN:85,(anonymous_7)
FN:92,(anonymous_8)
FNF:9
FNH:2
FNDA:1,(anonymous_0)
FNDA:1,(anonymous_1)
FNDA:0,(anonymous_2)
FNDA:0,(anonymous_3)
FNDA:0,(anonymous_4)
FNDA:0,(anonymous_5)
FNDA:0,(anonymous_6)
FNDA:0,(anonymous_7)
FNDA:0,(anonymous_8)
DA:7,1
DA:28,1
DA:43,0
DA:55,0
DA:63,0
DA:71,0
DA:73,0
DA:80,0
DA:84,0
DA:86,0
DA:93,0
LF:11
LH:2
BRF:0
BRH:0
end_of_record
TN:
SF:test\database\database.ts
FNF:0
FNH:0
DA:5,1
DA:26,1
DA:47,1
LF:3
LH:3
BRF:0
BRH:0
end_of_record
