{"C:\\src\\Nest_Skripsi\\express_micro_api\\news-service\\src\\application\\database.ts": {"path":"C:\\src\\Nest_Skripsi\\express_micro_api\\news-service\\src\\application\\database.ts","statementMap":{"0":{"start":{"line":4,"column":28},"end":{"line":23,"column":2}}},"fnMap":{},"branchMap":{},"s":{"0":1},"f":{},"b":{},"_coverageSchema":"1a1c01bbd47fc00a2c39e90264f33305004495a9","hash":"7aca0e18cdb9851ea9a47fe740aced931bd888ad"}
,"C:\\src\\Nest_Skripsi\\express_micro_api\\news-service\\src\\application\\logger.ts": {"path":"C:\\src\\Nest_Skripsi\\express_micro_api\\news-service\\src\\application\\logger.ts","statementMap":{"0":{"start":{"line":3,"column":22},"end":{"line":7,"column":2}}},"fnMap":{},"branchMap":{},"s":{"0":1},"f":{},"b":{},"_coverageSchema":"1a1c01bbd47fc00a2c39e90264f33305004495a9","hash":"4f0a9fb5b65170746b0e4d53733452cb36e732b0"}
,"C:\\src\\Nest_Skripsi\\express_micro_api\\news-service\\src\\application\\web.ts": {"path":"C:\\src\\Nest_Skripsi\\express_micro_api\\news-service\\src\\application\\web.ts","statementMap":{"0":{"start":{"line":5,"column":19},"end":{"line":5,"column":28}},"1":{"start":{"line":6,"column":0},"end":{"line":6,"column":24}},"2":{"start":{"line":8,"column":0},"end":{"line":8,"column":19}},"3":{"start":{"line":9,"column":0},"end":{"line":9,"column":25}},"4":{"start":{"line":11,"column":11},"end":{"line":11,"column":32}},"5":{"start":{"line":13,"column":0},"end":{"line":15,"column":3}},"6":{"start":{"line":14,"column":2},"end":{"line":14,"column":67}}},"fnMap":{"0":{"name":"(anonymous_0)","decl":{"start":{"line":13,"column":17},"end":{"line":13,"column":18}},"loc":{"start":{"line":13,"column":29},"end":{"line":15,"column":1}},"line":13}},"branchMap":{},"s":{"0":1,"1":1,"2":1,"3":1,"4":1,"5":1,"6":1},"f":{"0":1},"b":{},"_coverageSchema":"1a1c01bbd47fc00a2c39e90264f33305004495a9","hash":"38630f316e86177a46a16c941db8e06e584e21e2"}
,"C:\\src\\Nest_Skripsi\\express_micro_api\\news-service\\src\\controller\\news.controller.ts": {"path":"C:\\src\\Nest_Skripsi\\express_micro_api\\news-service\\src\\controller\\news.controller.ts","statementMap":{"0":{"start":{"line":9,"column":4},"end":{"line":15,"column":5}},"1":{"start":{"line":10,"column":41},"end":{"line":10,"column":70}},"2":{"start":{"line":11,"column":23},"end":{"line":11,"column":67}},"3":{"start":{"line":12,"column":6},"end":{"line":12,"column":47}},"4":{"start":{"line":14,"column":6},"end":{"line":14,"column":14}},"5":{"start":{"line":19,"column":4},"end":{"line":25,"column":5}},"6":{"start":{"line":20,"column":41},"end":{"line":20,"column":70}},"7":{"start":{"line":21,"column":23},"end":{"line":21,"column":67}},"8":{"start":{"line":22,"column":6},"end":{"line":22,"column":37}},"9":{"start":{"line":24,"column":6},"end":{"line":24,"column":14}},"10":{"start":{"line":29,"column":4},"end":{"line":34,"column":5}},"11":{"start":{"line":30,"column":23},"end":{"line":30,"column":73}},"12":{"start":{"line":31,"column":6},"end":{"line":31,"column":47}},"13":{"start":{"line":33,"column":6},"end":{"line":33,"column":14}}},"fnMap":{"0":{"name":"(anonymous_0)","decl":{"start":{"line":8,"column":2},"end":{"line":8,"column":3}},"loc":{"start":{"line":8,"column":75},"end":{"line":16,"column":3}},"line":8},"1":{"name":"(anonymous_1)","decl":{"start":{"line":18,"column":2},"end":{"line":18,"column":3}},"loc":{"start":{"line":18,"column":75},"end":{"line":26,"column":3}},"line":18},"2":{"name":"(anonymous_2)","decl":{"start":{"line":28,"column":2},"end":{"line":28,"column":3}},"loc":{"start":{"line":28,"column":75},"end":{"line":35,"column":3}},"line":28}},"branchMap":{},"s":{"0":2,"1":2,"2":2,"3":2,"4":0,"5":0,"6":0,"7":0,"8":0,"9":0,"10":0,"11":0,"12":0,"13":0},"f":{"0":2,"1":0,"2":0},"b":{},"_coverageSchema":"1a1c01bbd47fc00a2c39e90264f33305004495a9","hash":"dce071d9b8da12c8a06905c62db07f35f092c648"}
,"C:\\src\\Nest_Skripsi\\express_micro_api\\news-service\\src\\error\\auth.error.ts": {"path":"C:\\src\\Nest_Skripsi\\express_micro_api\\news-service\\src\\error\\auth.error.ts","statementMap":{"0":{"start":{"line":3,"column":4},"end":{"line":3,"column":19}}},"fnMap":{"0":{"name":"(anonymous_0)","decl":{"start":{"line":2,"column":2},"end":{"line":2,"column":3}},"loc":{"start":{"line":2,"column":61},"end":{"line":4,"column":3}},"line":2}},"branchMap":{},"s":{"0":0},"f":{"0":0},"b":{},"_coverageSchema":"1a1c01bbd47fc00a2c39e90264f33305004495a9","hash":"31f6d2d25d496390e8d7bc8803dc2a8d7b5b942c"}
,"C:\\src\\Nest_Skripsi\\express_micro_api\\news-service\\src\\error\\response.error.ts": {"path":"C:\\src\\Nest_Skripsi\\express_micro_api\\news-service\\src\\error\\response.error.ts","statementMap":{"0":{"start":{"line":3,"column":4},"end":{"line":3,"column":19}}},"fnMap":{"0":{"name":"(anonymous_0)","decl":{"start":{"line":2,"column":2},"end":{"line":2,"column":3}},"loc":{"start":{"line":2,"column":61},"end":{"line":4,"column":3}},"line":2}},"branchMap":{},"s":{"0":0},"f":{"0":0},"b":{},"_coverageSchema":"1a1c01bbd47fc00a2c39e90264f33305004495a9","hash":"6c0f2bfa0e878bc2c563cc5bb39cb5785cbef1ad"}
,"C:\\src\\Nest_Skripsi\\express_micro_api\\news-service\\src\\middleware\\auth.middleware.ts": {"path":"C:\\src\\Nest_Skripsi\\express_micro_api\\news-service\\src\\middleware\\auth.middleware.ts","statementMap":{"0":{"start":{"line":35,"column":30},"end":{"line":47,"column":1}},"1":{"start":{"line":40,"column":2},"end":{"line":45,"column":4}},"2":{"start":{"line":46,"column":2},"end":{"line":46,"column":9}}},"fnMap":{"0":{"name":"(anonymous_0)","decl":{"start":{"line":35,"column":30},"end":{"line":35,"column":31}},"loc":{"start":{"line":39,"column":5},"end":{"line":47,"column":1}},"line":39}},"branchMap":{},"s":{"0":1,"1":2,"2":2},"f":{"0":2},"b":{},"_coverageSchema":"1a1c01bbd47fc00a2c39e90264f33305004495a9","hash":"3c615844305e439c5bb72bb2eb88fdac14b86671"}
,"C:\\src\\Nest_Skripsi\\express_micro_api\\news-service\\src\\middleware\\error.middleware.ts": {"path":"C:\\src\\Nest_Skripsi\\express_micro_api\\news-service\\src\\middleware\\error.middleware.ts","statementMap":{"0":{"start":{"line":11,"column":31},"end":{"line":35,"column":1}},"1":{"start":{"line":17,"column":2},"end":{"line":34,"column":3}},"2":{"start":{"line":18,"column":4},"end":{"line":21,"column":7}},"3":{"start":{"line":22,"column":9},"end":{"line":34,"column":3}},"4":{"start":{"line":23,"column":4},"end":{"line":26,"column":7}},"5":{"start":{"line":27,"column":9},"end":{"line":34,"column":3}},"6":{"start":{"line":28,"column":4},"end":{"line":31,"column":7}},"7":{"start":{"line":33,"column":4},"end":{"line":33,"column":51}}},"fnMap":{"0":{"name":"(anonymous_0)","decl":{"start":{"line":11,"column":31},"end":{"line":11,"column":32}},"loc":{"start":{"line":16,"column":5},"end":{"line":35,"column":1}},"line":16}},"branchMap":{"0":{"loc":{"start":{"line":17,"column":2},"end":{"line":34,"column":3}},"type":"if","locations":[{"start":{"line":17,"column":2},"end":{"line":34,"column":3}},{"start":{"line":22,"column":9},"end":{"line":34,"column":3}}],"line":17},"1":{"loc":{"start":{"line":22,"column":9},"end":{"line":34,"column":3}},"type":"if","locations":[{"start":{"line":22,"column":9},"end":{"line":34,"column":3}},{"start":{"line":27,"column":9},"end":{"line":34,"column":3}}],"line":22},"2":{"loc":{"start":{"line":27,"column":9},"end":{"line":34,"column":3}},"type":"if","locations":[{"start":{"line":27,"column":9},"end":{"line":34,"column":3}},{"start":{"line":32,"column":9},"end":{"line":34,"column":3}}],"line":27}},"s":{"0":1,"1":0,"2":0,"3":0,"4":0,"5":0,"6":0,"7":0},"f":{"0":0},"b":{"0":[0,0],"1":[0,0],"2":[0,0]},"_coverageSchema":"1a1c01bbd47fc00a2c39e90264f33305004495a9","hash":"f1188f28395e4888c47644de7e7367bb34c19c25"}
,"C:\\src\\Nest_Skripsi\\express_micro_api\\news-service\\src\\model\\news.model.ts": {"path":"C:\\src\\Nest_Skripsi\\express_micro_api\\news-service\\src\\model\\news.model.ts","statementMap":{"0":{"start":{"line":12,"column":33},"end":{"line":14,"column":2}},"1":{"start":{"line":19,"column":2},"end":{"line":29,"column":4}}},"fnMap":{"0":{"name":"toUploadNewsResponse","decl":{"start":{"line":18,"column":16},"end":{"line":18,"column":36}},"loc":{"start":{"line":18,"column":79},"end":{"line":30,"column":1}},"line":18}},"branchMap":{},"s":{"0":1,"1":2},"f":{"0":2},"b":{},"_coverageSchema":"1a1c01bbd47fc00a2c39e90264f33305004495a9","hash":"ff48b6e717a467b884b1f42ccfa1cc7843a3d004"}
,"C:\\src\\Nest_Skripsi\\express_micro_api\\news-service\\src\\router\\api.ts": {"path":"C:\\src\\Nest_Skripsi\\express_micro_api\\news-service\\src\\router\\api.ts","statementMap":{"0":{"start":{"line":5,"column":25},"end":{"line":5,"column":41}},"1":{"start":{"line":7,"column":0},"end":{"line":7,"column":30}},"2":{"start":{"line":9,"column":0},"end":{"line":9,"column":51}},"3":{"start":{"line":10,"column":0},"end":{"line":10,"column":57}},"4":{"start":{"line":11,"column":0},"end":{"line":11,"column":57}}},"fnMap":{},"branchMap":{},"s":{"0":1,"1":1,"2":1,"3":1,"4":1},"f":{},"b":{},"_coverageSchema":"1a1c01bbd47fc00a2c39e90264f33305004495a9","hash":"1e594815f3ffd6a3fce6f97755664ca60f84df95"}
,"C:\\src\\Nest_Skripsi\\express_micro_api\\news-service\\src\\service\\news.service.ts": {"path":"C:\\src\\Nest_Skripsi\\express_micro_api\\news-service\\src\\service\\news.service.ts","statementMap":{"0":{"start":{"line":23,"column":21},"end":{"line":23,"column":79}},"1":{"start":{"line":26,"column":19},"end":{"line":36,"column":6}},"2":{"start":{"line":39,"column":22},"end":{"line":39,"column":50}},"3":{"start":{"line":41,"column":4},"end":{"line":41,"column":21}},"4":{"start":{"line":48,"column":26},"end":{"line":51,"column":5}},"5":{"start":{"line":54,"column":17},"end":{"line":54,"column":62}},"6":{"start":{"line":55,"column":19},"end":{"line":55,"column":23}},"7":{"start":{"line":56,"column":4},"end":{"line":58,"column":5}},"8":{"start":{"line":57,"column":6},"end":{"line":57,"column":64}},"9":{"start":{"line":60,"column":4},"end":{"line":68,"column":5}},"10":{"start":{"line":61,"column":6},"end":{"line":67,"column":9}},"11":{"start":{"line":70,"column":4},"end":{"line":89,"column":5}},"12":{"start":{"line":71,"column":6},"end":{"line":76,"column":9}},"13":{"start":{"line":77,"column":11},"end":{"line":89,"column":5}},"14":{"start":{"line":78,"column":6},"end":{"line":82,"column":9}},"15":{"start":{"line":83,"column":11},"end":{"line":89,"column":5}},"16":{"start":{"line":84,"column":6},"end":{"line":88,"column":9}},"17":{"start":{"line":91,"column":19},"end":{"line":96,"column":6}},"18":{"start":{"line":98,"column":18},"end":{"line":100,"column":6}},"19":{"start":{"line":102,"column":4},"end":{"line":109,"column":6}},"20":{"start":{"line":103,"column":33},"end":{"line":103,"column":59}},"21":{"start":{"line":117,"column":19},"end":{"line":117,"column":49}},"22":{"start":{"line":120,"column":21},"end":{"line":120,"column":78}},"23":{"start":{"line":123,"column":20},"end":{"line":126,"column":6}},"24":{"start":{"line":128,"column":4},"end":{"line":130,"column":5}},"25":{"start":{"line":129,"column":6},"end":{"line":129,"column":41}},"26":{"start":{"line":132,"column":4},"end":{"line":132,"column":41}}},"fnMap":{"0":{"name":"(anonymous_0)","decl":{"start":{"line":18,"column":2},"end":{"line":18,"column":3}},"loc":{"start":{"line":21,"column":33},"end":{"line":42,"column":3}},"line":21},"1":{"name":"(anonymous_1)","decl":{"start":{"line":44,"column":2},"end":{"line":44,"column":3}},"loc":{"start":{"line":47,"column":43},"end":{"line":110,"column":3}},"line":47},"2":{"name":"(anonymous_2)","decl":{"start":{"line":103,"column":23},"end":{"line":103,"column":24}},"loc":{"start":{"line":103,"column":33},"end":{"line":103,"column":59}},"line":103},"3":{"name":"(anonymous_3)","decl":{"start":{"line":112,"column":2},"end":{"line":112,"column":3}},"loc":{"start":{"line":115,"column":33},"end":{"line":133,"column":3}},"line":115}},"branchMap":{"0":{"loc":{"start":{"line":56,"column":4},"end":{"line":58,"column":5}},"type":"if","locations":[{"start":{"line":56,"column":4},"end":{"line":58,"column":5}},{"start":{},"end":{}}],"line":56},"1":{"loc":{"start":{"line":60,"column":4},"end":{"line":68,"column":5}},"type":"if","locations":[{"start":{"line":60,"column":4},"end":{"line":68,"column":5}},{"start":{},"end":{}}],"line":60},"2":{"loc":{"start":{"line":70,"column":4},"end":{"line":89,"column":5}},"type":"if","locations":[{"start":{"line":70,"column":4},"end":{"line":89,"column":5}},{"start":{"line":77,"column":11},"end":{"line":89,"column":5}}],"line":70},"3":{"loc":{"start":{"line":70,"column":8},"end":{"line":70,"column":74}},"type":"binary-expr","locations":[{"start":{"line":70,"column":8},"end":{"line":70,"column":39}},{"start":{"line":70,"column":43},"end":{"line":70,"column":74}}],"line":70},"4":{"loc":{"start":{"line":77,"column":11},"end":{"line":89,"column":5}},"type":"if","locations":[{"start":{"line":77,"column":11},"end":{"line":89,"column":5}},{"start":{"line":83,"column":11},"end":{"line":89,"column":5}}],"line":77},"5":{"loc":{"start":{"line":83,"column":11},"end":{"line":89,"column":5}},"type":"if","locations":[{"start":{"line":83,"column":11},"end":{"line":89,"column":5}},{"start":{},"end":{}}],"line":83},"6":{"loc":{"start":{"line":128,"column":4},"end":{"line":130,"column":5}},"type":"if","locations":[{"start":{"line":128,"column":4},"end":{"line":130,"column":5}},{"start":{},"end":{}}],"line":128}},"s":{"0":2,"1":2,"2":2,"3":2,"4":0,"5":0,"6":0,"7":0,"8":0,"9":0,"10":0,"11":0,"12":0,"13":0,"14":0,"15":0,"16":0,"17":0,"18":0,"19":0,"20":0,"21":0,"22":0,"23":0,"24":0,"25":0,"26":0},"f":{"0":2,"1":0,"2":0,"3":0},"b":{"0":[0,0],"1":[0,0],"2":[0,0],"3":[0,0],"4":[0,0],"5":[0,0],"6":[0,0]},"_coverageSchema":"1a1c01bbd47fc00a2c39e90264f33305004495a9","hash":"6f35ae5839e4bdea21bf6c09847efa32d70e62cb"}
,"C:\\src\\Nest_Skripsi\\express_micro_api\\news-service\\src\\utility\\numberChecker.ts": {"path":"C:\\src\\Nest_Skripsi\\express_micro_api\\news-service\\src\\utility\\numberChecker.ts","statementMap":{"0":{"start":{"line":4,"column":2},"end":{"line":6,"column":3}},"1":{"start":{"line":5,"column":4},"end":{"line":5,"column":65}},"2":{"start":{"line":7,"column":2},"end":{"line":7,"column":24}}},"fnMap":{"0":{"name":"stringToNumberChanger","decl":{"start":{"line":3,"column":16},"end":{"line":3,"column":37}},"loc":{"start":{"line":3,"column":62},"end":{"line":8,"column":1}},"line":3}},"branchMap":{"0":{"loc":{"start":{"line":4,"column":2},"end":{"line":6,"column":3}},"type":"if","locations":[{"start":{"line":4,"column":2},"end":{"line":6,"column":3}},{"start":{},"end":{}}],"line":4}},"s":{"0":0,"1":0,"2":0},"f":{"0":0},"b":{"0":[0,0]},"_coverageSchema":"1a1c01bbd47fc00a2c39e90264f33305004495a9","hash":"dc26baaf60b32cf14ac7dd1e8f967f69ab68e3c5"}
,"C:\\src\\Nest_Skripsi\\express_micro_api\\news-service\\src\\validation\\news.validation.ts": {"path":"C:\\src\\Nest_Skripsi\\express_micro_api\\news-service\\src\\validation\\news.validation.ts","statementMap":{"0":{"start":{"line":5,"column":36},"end":{"line":9,"column":4}},"1":{"start":{"line":11,"column":36},"end":{"line":18,"column":4}},"2":{"start":{"line":20,"column":36},"end":{"line":20,"column":46}}},"fnMap":{},"branchMap":{},"s":{"0":1,"1":1,"2":1},"f":{},"b":{},"_coverageSchema":"1a1c01bbd47fc00a2c39e90264f33305004495a9","hash":"1a931c2e799f31a1022937a5fc91364102e6a83e"}
,"C:\\src\\Nest_Skripsi\\express_micro_api\\news-service\\src\\validation\\validation.ts": {"path":"C:\\src\\Nest_Skripsi\\express_micro_api\\news-service\\src\\validation\\validation.ts","statementMap":{"0":{"start":{"line":5,"column":4},"end":{"line":5,"column":30}}},"fnMap":{"0":{"name":"(anonymous_0)","decl":{"start":{"line":4,"column":2},"end":{"line":4,"column":3}},"loc":{"start":{"line":4,"column":50},"end":{"line":6,"column":3}},"line":4}},"branchMap":{},"s":{"0":2},"f":{"0":2},"b":{},"_coverageSchema":"1a1c01bbd47fc00a2c39e90264f33305004495a9","hash":"60d10c59f4b6976ccb39f72c40a6bb0e48b961d9"}
,"C:\\src\\Nest_Skripsi\\express_micro_api\\news-service\\test\\news.test.util.ts": {"path":"C:\\src\\Nest_Skripsi\\express_micro_api\\news-service\\test\\news.test.util.ts","statementMap":{"0":{"start":{"line":7,"column":4},"end":{"line":13,"column":7}},"1":{"start":{"line":15,"column":4},"end":{"line":20,"column":6}},"2":{"start":{"line":17,"column":8},"end":{"line":19,"column":10}},"3":{"start":{"line":24,"column":4},"end":{"line":26,"column":7}},"4":{"start":{"line":28,"column":4},"end":{"line":33,"column":6}},"5":{"start":{"line":30,"column":8},"end":{"line":32,"column":10}},"6":{"start":{"line":37,"column":19},"end":{"line":42,"column":6}},"7":{"start":{"line":43,"column":4},"end":{"line":43,"column":18}},"8":{"start":{"line":47,"column":19},"end":{"line":51,"column":6}}},"fnMap":{"0":{"name":"(anonymous_0)","decl":{"start":{"line":6,"column":2},"end":{"line":6,"column":3}},"loc":{"start":{"line":6,"column":32},"end":{"line":21,"column":3}},"line":6},"1":{"name":"(anonymous_1)","decl":{"start":{"line":16,"column":6},"end":{"line":16,"column":7}},"loc":{"start":{"line":17,"column":8},"end":{"line":19,"column":10}},"line":17},"2":{"name":"(anonymous_2)","decl":{"start":{"line":23,"column":2},"end":{"line":23,"column":3}},"loc":{"start":{"line":23,"column":32},"end":{"line":34,"column":3}},"line":23},"3":{"name":"(anonymous_3)","decl":{"start":{"line":29,"column":6},"end":{"line":29,"column":7}},"loc":{"start":{"line":30,"column":8},"end":{"line":32,"column":10}},"line":30},"4":{"name":"(anonymous_4)","decl":{"start":{"line":36,"column":2},"end":{"line":36,"column":3}},"loc":{"start":{"line":36,"column":49},"end":{"line":44,"column":3}},"line":36},"5":{"name":"(anonymous_5)","decl":{"start":{"line":46,"column":2},"end":{"line":46,"column":3}},"loc":{"start":{"line":46,"column":44},"end":{"line":52,"column":3}},"line":46}},"branchMap":{},"s":{"0":0,"1":0,"2":0,"3":0,"4":0,"5":0,"6":0,"7":0,"8":0},"f":{"0":0,"1":0,"2":0,"3":0,"4":0,"5":0},"b":{},"_coverageSchema":"1a1c01bbd47fc00a2c39e90264f33305004495a9","hash":"b92fbae10b9516eb253d36df9f79e8711ec4e346"}
}
